<?xml version="1.0" encoding="UTF-8"?>
<!-- Generated by org.testng.reporters.JUnitXMLReporter -->
<testsuite ignored="0" hostname="LAPTOP-2LV7AID1" failures="0" tests="1" name="Test-Runner-1" time="74.466" errors="0" timestamp="2023-11-01T11:29:50 IST">
  <testcase classname="ForSuite.CreateContactForDistributedParallel" name="createNewContactTest" time="20.612"/>
</testsuite> <!-- Test-Runner-1 -->
