<?xml version="1.0" encoding="UTF-8"?>
<!-- Generated by org.testng.reporters.JUnitXMLReporter -->
<testsuite ignored="0" hostname="LAPTOP-2LV7AID1" failures="0" tests="1" name="Test-Runner-edge" time="45.693" errors="0" timestamp="2023-11-01T17:29:49 IST">
  <testcase classname="ForSuite.CreateContactWithOrganisationForCrossBrowserExecution" name="createContactWithOrganisation1Test" time="25.127"/>
</testsuite> <!-- Test-Runner-edge -->
