<?xml version="1.0" encoding="UTF-8"?>
<!-- Generated by org.testng.reporters.JUnitReportReporter -->
<testsuite hostname="LAPTOP-2LV7AID1" failures="0" tests="3" name="TestNGDataProvider.DataProviderPractice" time="0.026" errors="0" timestamp="2023-10-26T11:11:10 IST" skipped="0">
  <testcase classname="TestNGDataProvider.DataProviderPractice" name="readData" time="0.004"/>
  <system-out/>
  <testcase classname="TestNGDataProvider.DataProviderPractice" name="readData" time="0.017"/>
  <system-out/>
  <testcase classname="TestNGDataProvider.DataProviderPractice" name="readData" time="0.005"/>
  <system-out/>
</testsuite> <!-- TestNGDataProvider.DataProviderPractice -->
