<?xml version="1.0" encoding="UTF-8"?>
<!-- Generated by org.testng.reporters.JUnitReportReporter -->
<testsuite hostname="LAPTOP-2LV7AID1" failures="0" tests="1" name="ForSuite.CreateContactWithBatchExecution" time="73.997" errors="0" timestamp="2023-10-31T10:52:56 IST" skipped="0">
  <testcase classname="ForSuite.CreateContactWithBatchExecution" name="createNewContactTest" time="73.997"/>
</testsuite> <!-- ForSuite.CreateContactWithBatchExecution -->
