<?xml version="1.0" encoding="UTF-8"?>
<!-- Generated by org.testng.reporters.JUnitReportReporter -->
<testsuite hostname="LAPTOP-2LV7AID1" failures="0" tests="1" name="BaseClassRelated.CreateContactWithBaseClassExtend" time="18.576" errors="0" timestamp="2023-10-27T12:15:16 IST" skipped="0">
  <testcase classname="BaseClassRelated.CreateContactWithBaseClassExtend" name="createNewContactTest" time="18.576"/>
</testsuite> <!-- BaseClassRelated.CreateContactWithBaseClassExtend -->
