<?xml version="1.0" encoding="UTF-8"?>
<!-- Generated by org.testng.reporters.JUnitReportReporter -->
<testsuite hostname="LAPTOP-2LV7AID1" failures="0" tests="1" name="ForListeners.CreateContactForListenersConcept" time="44.885" errors="0" timestamp="2023-11-02T11:37:00 IST" skipped="0">
  <testcase classname="ForListeners.CreateContactForListenersConcept" name="createNewContactTest" time="44.885"/>
</testsuite> <!-- ForListeners.CreateContactForListenersConcept -->
