<?xml version="1.0" encoding="UTF-8"?>
<!-- Generated by org.testng.reporters.JUnitReportReporter -->
<testsuite hostname="LAPTOP-2LV7AID1" failures="0" tests="1" name="ForSuite.CreateContactWithOrganisationGroupForRegression" time="51.011" errors="0" timestamp="2023-11-01T10:50:19 IST" skipped="0">
  <testcase classname="ForSuite.CreateContactWithOrganisationGroupForRegression" name="createContactWithOrganisation1Test" time="51.011"/>
</testsuite> <!-- ForSuite.CreateContactWithOrganisationGroupForRegression -->
