<?xml version="1.0" encoding="UTF-8"?>
<!-- Generated by org.testng.reporters.JUnitReportReporter -->
<testsuite hostname="LAPTOP-2LV7AID1" failures="0" tests="1" name="TestNG.CreateContactWithOrganisationTest" time="47.859" errors="0" timestamp="2023-10-19T11:50:23 IST" skipped="0">
  <testcase classname="TestNG.CreateContactWithOrganisationTest" name="createContactWithOrganisation1Test" time="47.859"/>
  <system-out/>
</testsuite> <!-- TestNG.CreateContactWithOrganisationTest -->
