<?xml version="1.0" encoding="UTF-8"?>
<!-- Generated by org.testng.reporters.JUnitReportReporter -->
<testsuite hostname="LAPTOP-2LV7AID1" failures="0" tests="1" name="Assertion.CreateContactWithAssertion" time="20.483" errors="0" timestamp="2023-10-31T10:58:15 IST" skipped="0">
  <testcase classname="Assertion.CreateContactWithAssertion" name="createNewContactTest" time="20.483"/>
</testsuite> <!-- Assertion.CreateContactWithAssertion -->
