<?xml version="1.0" encoding="UTF-8"?>
<!-- Generated by org.testng.reporters.JUnitReportReporter -->
<testsuite hostname="LAPTOP-2LV7AID1" failures="0" tests="1" name="ForSuite.CreateContactWithGroup" time="24.270" errors="0" timestamp="2023-10-31T11:59:00 IST" skipped="0">
  <testcase classname="ForSuite.CreateContactWithGroup" name="createNewContactTest" time="24.270"/>
</testsuite> <!-- ForSuite.CreateContactWithGroup -->
