<?xml version="1.0" encoding="UTF-8"?>
<!-- Generated by org.testng.reporters.JUnitReportReporter -->
<testsuite hostname="LAPTOP-2LV7AID1" failures="0" tests="1" name="Assertion.CreateContactWithOrganisationWithAssertion" time="32.613" errors="0" timestamp="2023-10-31T10:59:17 IST" skipped="0">
  <testcase classname="Assertion.CreateContactWithOrganisationWithAssertion" name="createContactWithOrganisation1Test" time="32.613"/>
</testsuite> <!-- Assertion.CreateContactWithOrganisationWithAssertion -->
