<?xml version="1.0" encoding="UTF-8"?>
<!-- Generated by org.testng.reporters.JUnitReportReporter -->
<testsuite hostname="LAPTOP-2LV7AID1" failures="0" tests="1" name="BaseClassRelated.CreateContactWithOrganisationBaseClassExtend" time="72.530" errors="0" timestamp="2023-10-29T08:53:47 IST" skipped="0">
  <testcase classname="BaseClassRelated.CreateContactWithOrganisationBaseClassExtend" name="createContactWithOrganisation1Test" time="72.530"/>
</testsuite> <!-- BaseClassRelated.CreateContactWithOrganisationBaseClassExtend -->
