<?xml version="1.0" encoding="UTF-8"?>
<!-- Generated by org.testng.reporters.JUnitReportReporter -->
<testsuite hostname="LAPTOP-2LV7AID1" failures="0" tests="1" name="ForSuite.CreateContactWithOrganisationForDistributedParallel" time="60.903" errors="0" timestamp="2023-11-01T11:30:00 IST" skipped="0">
  <testcase classname="ForSuite.CreateContactWithOrganisationForDistributedParallel" name="createContactWithOrganisation1Test" time="60.903"/>
</testsuite> <!-- ForSuite.CreateContactWithOrganisationForDistributedParallel -->
