<?xml version="1.0" encoding="UTF-8"?>
<!-- Generated by org.testng.reporters.JUnitReportReporter -->
<testsuite hostname="LAPTOP-2LV7AID1" failures="0" tests="2" name="ForSuite.CreateContactWithOrganisationForCrossBrowserExecution" time="68.368" errors="0" timestamp="2023-11-01T17:29:51 IST" skipped="0">
  <testcase classname="ForSuite.CreateContactWithOrganisationForCrossBrowserExecution" name="createContactWithOrganisation1Test" time="33.882"/>
  <testcase classname="ForSuite.CreateContactWithOrganisationForCrossBrowserExecution" name="createContactWithOrganisation1Test" time="34.486"/>
</testsuite> <!-- ForSuite.CreateContactWithOrganisationForCrossBrowserExecution -->
