<?xml version="1.0" encoding="UTF-8"?>
<!-- Generated by org.testng.reporters.JUnitReportReporter -->
<testsuite hostname="LAPTOP-2LV7AID1" failures="0" tests="7" name="TestNGDataProvider.CreateMultipleContactsWithExcelUtility" time="150.634" errors="0" timestamp="2023-10-27T12:28:22 IST" skipped="0">
  <testcase classname="TestNGDataProvider.CreateMultipleContactsWithExcelUtility" name="createMultipleContact" time="24.291"/>
  <testcase classname="TestNGDataProvider.CreateMultipleContactsWithExcelUtility" name="createMultipleContact" time="21.132"/>
  <testcase classname="TestNGDataProvider.CreateMultipleContactsWithExcelUtility" name="createMultipleContact" time="20.676"/>
  <testcase classname="TestNGDataProvider.CreateMultipleContactsWithExcelUtility" name="createMultipleContact" time="22.194"/>
  <testcase classname="TestNGDataProvider.CreateMultipleContactsWithExcelUtility" name="createMultipleContact" time="21.122"/>
  <testcase classname="TestNGDataProvider.CreateMultipleContactsWithExcelUtility" name="createMultipleContact" time="19.369"/>
  <testcase classname="TestNGDataProvider.CreateMultipleContactsWithExcelUtility" name="createMultipleContact" time="21.850"/>
</testsuite> <!-- TestNGDataProvider.CreateMultipleContactsWithExcelUtility -->
